c:\users\silentium\source\repos\qtbtcontroller\qtbtcontroller\x64\debug\vc143.pdb
c:\users\silentium\source\repos\qtbtcontroller\qtbtcontroller\x64\debug\vc143.idb
c:\users\silentium\source\repos\qtbtcontroller\qtbtcontroller\x64\debug\qrc_qtbtcontroller.obj
c:\users\silentium\source\repos\qtbtcontroller\qtbtcontroller\x64\debug\main.obj
c:\users\silentium\source\repos\qtbtcontroller\qtbtcontroller\x64\debug\qtbtcontroller.obj
c:\users\silentium\source\repos\qtbtcontroller\qtbtcontroller\x64\debug\moc_qtbtcontroller.obj
c:\users\silentium\source\repos\qtbtcontroller\x64\debug\qtbtcontroller.exe
c:\users\silentium\source\repos\qtbtcontroller\x64\debug\qtbtcontroller.pdb
c:\users\silentium\source\repos\qtbtcontroller\qtbtcontroller\x64\debug\qt\moc\moc_qtbtcontroller.cpp
c:\users\silentium\source\repos\qtbtcontroller\qtbtcontroller\x64\debug\qt\uic\ui_qtbtcontroller.h
c:\users\silentium\source\repos\qtbtcontroller\qtbtcontroller\x64\debug\qt\rcc\qrc_qtbtcontroller.cpp
c:\users\silentium\source\repos\qtbtcontroller\qtbtcontroller\x64\debug\qtbtcontroller.ilk
c:\users\silentium\source\repos\qtbtcontroller\qtbtcontroller\x64\debug\qtbtcontroller.tlog\cl.command.1.tlog
c:\users\silentium\source\repos\qtbtcontroller\qtbtcontroller\x64\debug\qtbtcontroller.tlog\cl.items.tlog
c:\users\silentium\source\repos\qtbtcontroller\qtbtcontroller\x64\debug\qtbtcontroller.tlog\cl.read.1.tlog
c:\users\silentium\source\repos\qtbtcontroller\qtbtcontroller\x64\debug\qtbtcontroller.tlog\cl.write.1.tlog
c:\users\silentium\source\repos\qtbtcontroller\qtbtcontroller\x64\debug\qtbtcontroller.tlog\link.command.1.tlog
c:\users\silentium\source\repos\qtbtcontroller\qtbtcontroller\x64\debug\qtbtcontroller.tlog\link.read.1.tlog
c:\users\silentium\source\repos\qtbtcontroller\qtbtcontroller\x64\debug\qtbtcontroller.tlog\link.secondary.1.tlog
c:\users\silentium\source\repos\qtbtcontroller\qtbtcontroller\x64\debug\qtbtcontroller.tlog\link.write.1.tlog
c:\users\silentium\source\repos\qtbtcontroller\qtbtcontroller\x64\debug\qtbtcontroller.tlog\moc.read.1u.tlog
c:\users\silentium\source\repos\qtbtcontroller\qtbtcontroller\x64\debug\qtbtcontroller.tlog\moc.write.1u.tlog
c:\users\silentium\source\repos\qtbtcontroller\qtbtcontroller\x64\debug\qtbtcontroller.tlog\qtbtcontroller.write.1u.tlog
c:\users\silentium\source\repos\qtbtcontroller\qtbtcontroller\x64\debug\qtbtcontroller.tlog\rcc.read.1u.tlog
c:\users\silentium\source\repos\qtbtcontroller\qtbtcontroller\x64\debug\qtbtcontroller.tlog\rcc.write.1u.tlog
c:\users\silentium\source\repos\qtbtcontroller\qtbtcontroller\x64\debug\qtbtcontroller.tlog\uic.read.1u.tlog
c:\users\silentium\source\repos\qtbtcontroller\qtbtcontroller\x64\debug\qtbtcontroller.tlog\uic.write.1u.tlog
